2020-03-29 23:09:15.252  INFO 26096 --- [main] com.azj.SpringApp                        : Starting SpringApp on shangshandalaohu with PID 26096 (C:\Users\86139\IdeaProjects\springbootrev\springboot-day1\target\classes started by 86139 in C:\Users\86139\IdeaProjects\springbootrev)
2020-03-29 23:09:15.254  INFO 26096 --- [main] com.azj.SpringApp                        : No active profile set, falling back to default profiles: default
2020-03-29 23:09:15.294  INFO 26096 --- [main] ationConfigEmbeddedWebApplicationContext : Refreshing org.springframework.boot.context.embedded.AnnotationConfigEmbeddedWebApplicationContext@3c130745: startup date [Sun Mar 29 23:09:15 GMT+08:00 2020]; root of context hierarchy
2020-03-29 23:09:16.271  INFO 26096 --- [main] s.b.c.e.t.TomcatEmbeddedServletContainer : Tomcat initialized with port(s): 8999 (http)
2020-03-29 23:09:16.283  INFO 26096 --- [main] o.apache.catalina.core.StandardService   : Starting service [Tomcat]
2020-03-29 23:09:16.284  INFO 26096 --- [main] org.apache.catalina.core.StandardEngine  : Starting Servlet Engine: Apache Tomcat/8.5.23
2020-03-29 23:09:16.450  INFO 26096 --- [localhost-startStop-1] org.apache.jasper.servlet.TldScanner     : At least one JAR was scanned for TLDs yet contained no TLDs. Enable debug logging for this logger for a complete list of JARs that were scanned but no TLDs were found in them. Skipping unneeded JARs during scanning can improve startup time and JSP compilation time.
2020-03-29 23:09:16.454  INFO 26096 --- [localhost-startStop-1] o.a.c.c.C.[.[localhost].[/springboot]    : Initializing Spring embedded WebApplicationContext
2020-03-29 23:09:16.455  INFO 26096 --- [localhost-startStop-1] o.s.web.context.ContextLoader            : Root WebApplicationContext: initialization completed in 1161 ms
2020-03-29 23:09:16.576  INFO 26096 --- [localhost-startStop-1] o.s.b.w.servlet.ServletRegistrationBean  : Mapping servlet: 'dispatcherServlet' to [/]
2020-03-29 23:09:16.579  INFO 26096 --- [localhost-startStop-1] o.s.b.w.servlet.FilterRegistrationBean   : Mapping filter: 'characterEncodingFilter' to: [/*]
2020-03-29 23:09:16.579  INFO 26096 --- [localhost-startStop-1] o.s.b.w.servlet.FilterRegistrationBean   : Mapping filter: 'hiddenHttpMethodFilter' to: [/*]
2020-03-29 23:09:16.579  INFO 26096 --- [localhost-startStop-1] o.s.b.w.servlet.FilterRegistrationBean   : Mapping filter: 'httpPutFormContentFilter' to: [/*]
2020-03-29 23:09:16.580  INFO 26096 --- [localhost-startStop-1] o.s.b.w.servlet.FilterRegistrationBean   : Mapping filter: 'requestContextFilter' to: [/*]
2020-03-29 23:09:17.019  INFO 26096 --- [main] s.w.s.m.m.a.RequestMappingHandlerAdapter : Looking for @ControllerAdvice: org.springframework.boot.context.embedded.AnnotationConfigEmbeddedWebApplicationContext@3c130745: startup date [Sun Mar 29 23:09:15 GMT+08:00 2020]; root of context hierarchy
2020-03-29 23:09:17.053  INFO 26096 --- [main] s.w.s.m.m.a.RequestMappingHandlerMapping : Mapped "{[/hello/ddd]}" onto public java.lang.String com.azj.controller.ControllerTest.test1()
2020-03-29 23:09:17.054  INFO 26096 --- [main] s.w.s.m.m.a.RequestMappingHandlerMapping : Mapped "{[/user/add]}" onto public void com.azj.controller.UserController.addUser()
2020-03-29 23:09:17.054  INFO 26096 --- [main] s.w.s.m.m.a.RequestMappingHandlerMapping : Mapped "{[/user/findAll]}" onto public java.util.List<com.azj.entity.User> com.azj.controller.UserController.testUser()
2020-03-29 23:09:17.056  INFO 26096 --- [main] s.w.s.m.m.a.RequestMappingHandlerMapping : Mapped "{[/error]}" onto public org.springframework.http.ResponseEntity<java.util.Map<java.lang.String, java.lang.Object>> org.springframework.boot.autoconfigure.web.BasicErrorController.error(javax.servlet.http.HttpServletRequest)
2020-03-29 23:09:17.056  INFO 26096 --- [main] s.w.s.m.m.a.RequestMappingHandlerMapping : Mapped "{[/error],produces=[text/html]}" onto public org.springframework.web.servlet.ModelAndView org.springframework.boot.autoconfigure.web.BasicErrorController.errorHtml(javax.servlet.http.HttpServletRequest,javax.servlet.http.HttpServletResponse)
2020-03-29 23:09:17.077  INFO 26096 --- [main] o.s.w.s.handler.SimpleUrlHandlerMapping  : Mapped URL path [/webjars/**] onto handler of type [class org.springframework.web.servlet.resource.ResourceHttpRequestHandler]
2020-03-29 23:09:17.077  INFO 26096 --- [main] o.s.w.s.handler.SimpleUrlHandlerMapping  : Mapped URL path [/**] onto handler of type [class org.springframework.web.servlet.resource.ResourceHttpRequestHandler]
2020-03-29 23:09:17.099  INFO 26096 --- [main] o.s.w.s.handler.SimpleUrlHandlerMapping  : Mapped URL path [/**/favicon.ico] onto handler of type [class org.springframework.web.servlet.resource.ResourceHttpRequestHandler]
2020-03-29 23:09:17.269  INFO 26096 --- [main] o.s.j.e.a.AnnotationMBeanExporter        : Registering beans for JMX exposure on startup
2020-03-29 23:09:17.315  INFO 26096 --- [main] s.b.c.e.t.TomcatEmbeddedServletContainer : Tomcat started on port(s): 8999 (http)
2020-03-29 23:09:17.317  INFO 26096 --- [main] com.azj.SpringApp                        : Started SpringApp in 2.311 seconds (JVM running for 3.778)
